<?xml version="1.0" encoding="UTF-8"?>
<!-- Generated by org.testng.reporters.JUnitXMLReporter -->
<testsuite ignored="1" hostname="Mulalo" failures="0" tests="3" name="Test" time="43.503" errors="0" timestamp="2024-06-24T14:52:50 SAST">
  <testcase classname="Scripts.Verify_fish_link_Home_page11" name="TC11" time="14.226"/>
  <testcase classname="Scripts.Verify_the_Return_to_Main_Menu_link" name="TC13" time="10.775"/>
  <testcase classname="Scripts.Verify_order_page" name="testVerifyOrderDetails" time="0.918"/>
  <testcase classname="Scripts.Verify_the_product_details_page_is_displayed15" name="TC15" time="0.0">
    <ignored/>
  </testcase> <!-- TC15 -->
</testsuite> <!-- Test -->
