<?xml version="1.0" encoding="UTF-8"?>
<testng-results ignored="0" total="3" passed="3" failed="0" skipped="0">
  <reporter-output>
  </reporter-output>
  <suite started-at="2024-06-24T14:52:07 SAST" name="Suite" finished-at="2024-06-24T14:52:50 SAST" duration-ms="43503">
    <groups>
    </groups>
    <test started-at="2024-06-24T14:52:07 SAST" name="Test" finished-at="2024-06-24T14:52:50 SAST" duration-ms="43503">
      <class name="Scripts.Verify_the_Return_to_Main_Menu_link">
        <test-method signature="TC13()[pri:0, instance:Scripts.Verify_the_Return_to_Main_Menu_link@1a677343]" started-at="2024-06-24T14:52:21 SAST" name="TC13" finished-at="2024-06-24T14:52:32 SAST" duration-ms="10775" status="PASS">
          <reporter-output>
          </reporter-output>
        </test-method> <!-- TC13 -->
      </class> <!-- Scripts.Verify_the_Return_to_Main_Menu_link -->
      <class name="Scripts.Verify_fish_link_Home_page11">
        <test-method signature="TC11()[pri:0, instance:Scripts.Verify_fish_link_Home_page11@179ece50]" started-at="2024-06-24T14:52:07 SAST" name="TC11" finished-at="2024-06-24T14:52:21 SAST" duration-ms="14226" status="PASS">
          <reporter-output>
          </reporter-output>
        </test-method> <!-- TC11 -->
      </class> <!-- Scripts.Verify_fish_link_Home_page11 -->
      <class name="Scripts.Verify_order_page">
        <test-method is-config="true" signature="setUp()[pri:0, instance:Scripts.Verify_order_page@7c9d8e2]" started-at="2024-06-24T14:52:32 SAST" name="setUp" finished-at="2024-06-24T14:52:49 SAST" duration-ms="17187" status="PASS">
          <reporter-output>
          </reporter-output>
        </test-method> <!-- setUp -->
        <test-method signature="testVerifyOrderDetails()[pri:0, instance:Scripts.Verify_order_page@7c9d8e2]" started-at="2024-06-24T14:52:49 SAST" name="testVerifyOrderDetails" finished-at="2024-06-24T14:52:50 SAST" duration-ms="918" status="PASS">
          <reporter-output>
          </reporter-output>
        </test-method> <!-- testVerifyOrderDetails -->
        <test-method is-config="true" signature="tearDown()[pri:0, instance:Scripts.Verify_order_page@7c9d8e2]" started-at="2024-06-24T14:52:50 SAST" name="tearDown" finished-at="2024-06-24T14:52:50 SAST" duration-ms="314" status="PASS">
          <reporter-output>
          </reporter-output>
        </test-method> <!-- tearDown -->
      </class> <!-- Scripts.Verify_order_page -->
    </test> <!-- Test -->
  </suite> <!-- Suite -->
</testng-results>
